<?xml version="1.0" encoding="UTF-8"?>
<!-- Generated by org.testng.reporters.JUnitXMLReporter -->
<testsuite hostname="MAVERICKK" ignored="0" name="Surefire test" tests="1" failures="1" timestamp="2022-09-22T17:12:14 IST" time="26.528" errors="0">
  <testcase name="extractTheDetailsOfTheMovieTest" time="26.473" classname="com.testvagrant.WebAuto.MovieTest">
    <failure type="java.lang.AssertionError" message="The following asserts failed:
	expected [December 17, 2021 (India)] but found [17 December 2021]">
      <![CDATA[java.lang.AssertionError: The following asserts failed:
expected [December 17, 2021 (India)] but found [17 December 2021]
at com.testvagrant.WebAuto.MovieTest.extractTheDetailsOfTheMovieTest(MovieTest.java:62)
at java.util.ArrayList.forEach(Unknown Source)
... Removed 34 stack frames]]>
    </failure>
  </testcase> <!-- extractTheDetailsOfTheMovieTest -->
</testsuite> <!-- Surefire test -->
