<?xml version="1.0" encoding="UTF-8"?>
<!-- Generated by org.testng.reporters.JUnitXMLReporter -->
<testsuite hostname="MAVERICKK" ignored="0" name="Regression" tests="1" failures="1" timestamp="2022-09-22T17:01:11 IST" time="27.978" errors="0">
  <testcase name="extractTheDetailsOfTheMovieTest" time="27.932" classname="com.testvagrant.WebAuto.MovieTest">
    <failure type="java.lang.AssertionError" message="The following asserts failed:
	expected [December 17, 2021 (India)] but found [17 December 2021]">
      <![CDATA[java.lang.AssertionError: The following asserts failed:
expected [December 17, 2021 (India)] but found [17 December 2021]
at com.testvagrant.WebAuto.MovieTest.extractTheDetailsOfTheMovieTest(MovieTest.java:62)
at java.util.ArrayList.forEach(ArrayList.java:1259)
... Removed 29 stack frames]]>
    </failure>
  </testcase> <!-- extractTheDetailsOfTheMovieTest -->
</testsuite> <!-- Regression -->
